{
  "RSpec": {
    "coverage": {
      "/home/haotian/workplace/RubymineProjects/ppi/app/helpers/application_helper.rb": [
        1,
        null
      ],
      "/home/haotian/workplace/RubymineProjects/ppi/app/helpers/job_pages_helper.rb": [
        1,
        null
      ],
      "/home/haotian/workplace/RubymineProjects/ppi/app/helpers/jobs_helper.rb": [
        1,
        null
      ],
      "/home/haotian/workplace/RubymineProjects/ppi/app/helpers/problems_helper.rb": [
        1,
        null
      ],
      "/home/haotian/workplace/RubymineProjects/ppi/app/helpers/sessions_helper.rb": [
        1,
        null
      ],
      "/home/haotian/workplace/RubymineProjects/ppi/app/helpers/solution_submissions_helper.rb": [
        1,
        null
      ],
      "/home/haotian/workplace/RubymineProjects/ppi/app/helpers/users_helper.rb": [
        1,
        null
      ],
      "/home/haotian/workplace/RubymineProjects/ppi/app/helpers/welcome_helper.rb": [
        1,
        null
      ],
      "/home/haotian/workplace/RubymineProjects/ppi/app/models/user.rb": [
        null,
        1,
        1,
        1,
        null,
        1,
        1,
        null,
        1,
        1,
        1,
        1,
        1,
        1,
        null,
        null,
        1,
        1,
        0,
        null,
        1,
        null,
        1,
        1,
        null,
        0,
        null,
        null,
        null,
        null,
        1,
        4,
        2,
        null,
        null,
        null,
        null,
        1,
        6,
        6,
        null,
        null,
        null,
        null,
        1,
        6,
        null,
        null,
        null
      ],
      "/home/haotian/workplace/RubymineProjects/ppi/app/controllers/users_controller.rb": [
        1,
        1,
        1,
        null,
        1,
        3,
        3,
        null,
        null,
        1,
        5,
        null,
        null,
        1,
        3,
        3,
        2,
        null,
        1,
        null,
        3,
        null,
        null,
        1,
        3,
        null,
        null,
        1,
        null,
        null,
        null,
        null
      ],
      "/home/haotian/workplace/RubymineProjects/ppi/app/controllers/application_controller.rb": [
        1,
        null,
        null,
        1,
        null,
        null,
        1,
        1,
        null,
        1,
        1,
        null,
        null,
        0,
        0,
        null,
        null,
        null,
        null,
        null,
        null,
        null,
        1,
        10,
        0,
        0,
        null,
        10,
        null,
        null,
        null
      ],
      "/home/haotian/workplace/RubymineProjects/ppi/app/controllers/sessions_controller.rb": [
        1,
        null,
        null,
        1,
        1,
        1,
        null,
        null,
        1,
        2,
        2,
        2,
        null,
        null,
        null,
        1,
        1,
        0,
        null,
        null,
        null,
        null,
        1,
        null,
        1,
        1,
        null,
        1,
        null,
        1,
        1,
        null,
        0,
        0,
        0,
        null,
        null,
        null,
        null,
        1,
        1,
        null,
        null,
        null,
        1,
        1,
        1,
        1,
        null,
        null,
        null,
        1,
        null,
        null,
        null,
        1,
        0,
        null,
        0,
        0,
        null,
        null,
        0,
        0,
        null,
        null,
        0,
        0,
        null,
        null,
        0,
        0,
        null,
        null,
        null,
        1,
        0,
        null,
        null
      ]
    },
    "timestamp": 1447654390
  }
}
