{
  "RSpec": {
    "coverage": {
      "/home/hasbro/Workspace-Rails/ppi-506/app/models/user.rb": [
        null,
        1,
        1,
        1,
        null,
        1,
        1,
        null,
        1,
        1,
        1,
        1,
        1,
        1,
        null,
        null,
        1,
        0,
        0,
        null,
        0,
        null,
        0,
        0,
        null,
        0,
        null,
        null,
        null,
        null,
        1,
        0,
        0,
        null,
        null,
        null,
        null,
        1,
        0,
        0,
        null,
        null,
        null,
        null,
        1,
        0,
        null,
        null,
        null
      ],
      "/home/hasbro/Workspace-Rails/ppi-506/test/controllers/jobs_controller_test.rb": [
        1,
        null,
        1,
        null,
        null,
        null,
        null
      ],
      "/home/hasbro/Workspace-Rails/ppi-506/test/controllers/problems_controller_test.rb": [
        1,
        null,
        1,
        null,
        null,
        null,
        null
      ],
      "/home/hasbro/Workspace-Rails/ppi-506/test/controllers/sessions_controller_test.rb": [
        1,
        null,
        1,
        null,
        null,
        null,
        null,
        null,
        null,
        null,
        null,
        null,
        null,
        null,
        null,
        null,
        null,
        null,
        null,
        null,
        null,
        null,
        null,
        null
      ],
      "/home/hasbro/Workspace-Rails/ppi-506/test/controllers/solution_submissions_controller_test.rb": [
        1,
        null,
        1,
        null,
        null,
        null,
        null
      ],
      "/home/hasbro/Workspace-Rails/ppi-506/test/controllers/users_controller_test.rb": [
        1,
        null,
        1,
        null,
        null,
        null,
        null,
        null,
        null,
        null,
        null,
        null,
        null,
        null,
        null,
        null,
        null,
        null,
        null,
        null,
        null
      ],
      "/home/hasbro/Workspace-Rails/ppi-506/test/controllers/welcome_controller_test.rb": [
        1,
        null,
        1,
        null,
        null,
        null,
        null,
        null,
        null
      ],
      "/home/hasbro/Workspace-Rails/ppi-506/test/models/authenticate_test.rb": [
        1,
        null,
        1,
        null,
        null,
        null,
        null
      ],
      "/home/hasbro/Workspace-Rails/ppi-506/test/models/job_page_test.rb": [
        1,
        null,
        1,
        null,
        null,
        null,
        null
      ],
      "/home/hasbro/Workspace-Rails/ppi-506/test/models/job_test.rb": [
        1,
        null,
        1,
        null,
        null,
        null,
        null
      ],
      "/home/hasbro/Workspace-Rails/ppi-506/test/models/problem_test.rb": [
        1,
        null,
        1,
        null,
        null,
        null,
        null
      ],
      "/home/hasbro/Workspace-Rails/ppi-506/test/models/solution_submission_test.rb": [
        1,
        null,
        1,
        null,
        null,
        null,
        null
      ],
      "/home/hasbro/Workspace-Rails/ppi-506/test/models/user_test.rb": [
        1,
        null,
        1,
        null,
        null,
        null,
        null,
        null,
        null,
        null,
        null,
        null,
        null,
        null,
        null,
        null,
        null,
        null,
        null,
        null,
        null,
        null,
        null,
        null,
        null,
        null,
        null,
        null,
        null,
        null,
        null,
        null,
        null,
        null,
        null,
        null,
        null,
        null,
        null,
        null,
        null,
        null,
        null,
        null,
        null,
        null,
        null,
        null,
        null,
        null,
        null,
        null,
        null,
        null,
        null,
        null,
        null,
        null,
        null,
        null,
        null,
        null,
        null,
        null,
        null,
        null,
        null,
        null,
        null,
        null,
        null,
        null,
        null,
        null,
        null,
        null,
        null,
        null,
        null,
        null,
        null,
        null,
        null,
        null,
        null,
        null,
        null,
        null,
        null,
        null,
        null,
        null,
        null,
        null,
        null
      ]
    },
    "timestamp": 1447619039
  }
}
